[20180606 17:27:16-DEBUG][LogFactory.java:105][main]-- Logging initialized using 'org.mybatis.generator.logging.slf4j.Slf4jLoggingLogFactory@234bef66' adapter.
[20180606 17:27:16-DEBUG][DatabaseIntrospector.java:506][main]-- Retrieving column information for table "member"
[20180606 17:27:17-DEBUG][DatabaseIntrospector.java:563][main]-- Found column "id", data type 4, in table "db_yuansheng..member"
[20180606 17:27:17-DEBUG][DatabaseIntrospector.java:563][main]-- Found column "username", data type 12, in table "db_yuansheng..member"
[20180606 17:27:17-DEBUG][DatabaseIntrospector.java:563][main]-- Found column "sex", data type 12, in table "db_yuansheng..member"
[20180606 17:27:17-DEBUG][DatabaseIntrospector.java:563][main]-- Found column "phone", data type 12, in table "db_yuansheng..member"
[20180606 17:27:17-DEBUG][DatabaseIntrospector.java:563][main]-- Found column "email", data type 12, in table "db_yuansheng..member"
[20180606 17:27:17-DEBUG][DatabaseIntrospector.java:563][main]-- Found column "address", data type 12, in table "db_yuansheng..member"
[20180606 17:27:17-DEBUG][DatabaseIntrospector.java:563][main]-- Found column "pass", data type 12, in table "db_yuansheng..member"
[20180607 16:04:01-DEBUG][LogFactory.java:105][main]-- Logging initialized using 'org.mybatis.generator.logging.slf4j.Slf4jLoggingLogFactory@5056dfcb' adapter.
[20180607 16:04:01-DEBUG][DatabaseIntrospector.java:506][main]-- Retrieving column information for table "member"
[20180607 16:04:02-DEBUG][DatabaseIntrospector.java:563][main]-- Found column "id", data type 4, in table "db_yuansheng..member"
[20180607 16:04:02-DEBUG][DatabaseIntrospector.java:563][main]-- Found column "username", data type 12, in table "db_yuansheng..member"
[20180607 16:04:02-DEBUG][DatabaseIntrospector.java:563][main]-- Found column "sex", data type 12, in table "db_yuansheng..member"
[20180607 16:04:02-DEBUG][DatabaseIntrospector.java:563][main]-- Found column "phone", data type 12, in table "db_yuansheng..member"
[20180607 16:04:02-DEBUG][DatabaseIntrospector.java:563][main]-- Found column "email", data type 12, in table "db_yuansheng..member"
[20180607 16:04:02-DEBUG][DatabaseIntrospector.java:563][main]-- Found column "address", data type 12, in table "db_yuansheng..member"
[20180607 16:04:02-DEBUG][DatabaseIntrospector.java:563][main]-- Found column "pass", data type 12, in table "db_yuansheng..member"
[20180612 15:11:21-DEBUG][LogFactory.java:105][main]-- Logging initialized using 'org.mybatis.generator.logging.slf4j.Slf4jLoggingLogFactory@5056dfcb' adapter.
[20180612 15:11:21-DEBUG][DatabaseIntrospector.java:506][main]-- Retrieving column information for table "user"
[20180612 15:11:21-DEBUG][DatabaseIntrospector.java:563][main]-- Found column "id", data type 4, in table "db_yuansheng..user"
[20180612 15:11:21-DEBUG][DatabaseIntrospector.java:563][main]-- Found column "name", data type 12, in table "db_yuansheng..user"
[20180612 15:11:21-DEBUG][DatabaseIntrospector.java:563][main]-- Found column "phone", data type 12, in table "db_yuansheng..user"
[20180612 15:11:21-DEBUG][DatabaseIntrospector.java:563][main]-- Found column "email", data type 12, in table "db_yuansheng..user"
[20180612 15:11:21-DEBUG][DatabaseIntrospector.java:563][main]-- Found column "role", data type 12, in table "db_yuansheng..user"
[20180612 15:11:21-DEBUG][DatabaseIntrospector.java:563][main]-- Found column "account", data type 12, in table "db_yuansheng..user"
[20180612 15:11:21-DEBUG][DatabaseIntrospector.java:563][main]-- Found column "password", data type 12, in table "db_yuansheng..user"
[20180613 11:55:55-DEBUG][LogFactory.java:105][main]-- Logging initialized using 'org.mybatis.generator.logging.slf4j.Slf4jLoggingLogFactory@5056dfcb' adapter.
[20180613 11:55:55-DEBUG][DatabaseIntrospector.java:506][main]-- Retrieving column information for table "user"
[20180613 11:55:55-DEBUG][DatabaseIntrospector.java:563][main]-- Found column "id", data type 4, in table "db_yuansheng..user"
[20180613 11:55:55-DEBUG][DatabaseIntrospector.java:563][main]-- Found column "name", data type 12, in table "db_yuansheng..user"
[20180613 11:55:55-DEBUG][DatabaseIntrospector.java:563][main]-- Found column "phone", data type 12, in table "db_yuansheng..user"
[20180613 11:55:55-DEBUG][DatabaseIntrospector.java:563][main]-- Found column "email", data type 12, in table "db_yuansheng..user"
[20180613 11:55:55-DEBUG][DatabaseIntrospector.java:563][main]-- Found column "role", data type 12, in table "db_yuansheng..user"
[20180613 11:55:55-DEBUG][DatabaseIntrospector.java:563][main]-- Found column "password", data type 12, in table "db_yuansheng..user"
[20180619 10:01:13-DEBUG][LogFactory.java:105][main]-- Logging initialized using 'org.mybatis.generator.logging.slf4j.Slf4jLoggingLogFactory@18ad742' adapter.
[20180619 10:01:13-DEBUG][DatabaseIntrospector.java:506][main]-- Retrieving column information for table "u_user"
[20180619 10:01:13-DEBUG][DatabaseIntrospector.java:563][main]-- Found column "id", data type -5, in table "db_yuansheng..u_user"
[20180619 10:01:13-DEBUG][DatabaseIntrospector.java:563][main]-- Found column "name", data type 12, in table "db_yuansheng..u_user"
[20180619 10:01:13-DEBUG][DatabaseIntrospector.java:563][main]-- Found column "phone", data type 12, in table "db_yuansheng..u_user"
[20180619 10:01:13-DEBUG][DatabaseIntrospector.java:563][main]-- Found column "email", data type 12, in table "db_yuansheng..u_user"
[20180619 10:01:13-DEBUG][DatabaseIntrospector.java:563][main]-- Found column "role", data type 12, in table "db_yuansheng..u_user"
[20180619 10:01:13-DEBUG][DatabaseIntrospector.java:563][main]-- Found column "password", data type 12, in table "db_yuansheng..u_user"
[20180619 10:01:13-DEBUG][DatabaseIntrospector.java:563][main]-- Found column "create_time", data type 93, in table "db_yuansheng..u_user"
[20180619 10:01:13-DEBUG][DatabaseIntrospector.java:563][main]-- Found column "last_login_time", data type 93, in table "db_yuansheng..u_user"
[20180619 10:01:13-DEBUG][DatabaseIntrospector.java:563][main]-- Found column "status", data type -5, in table "db_yuansheng..u_user"
[20180619 10:01:14-DEBUG][DatabaseIntrospector.java:506][main]-- Retrieving column information for table "u_role"
[20180619 10:01:14-DEBUG][DatabaseIntrospector.java:563][main]-- Found column "id", data type -5, in table "db_yuansheng..u_role"
[20180619 10:01:14-DEBUG][DatabaseIntrospector.java:563][main]-- Found column "name", data type 12, in table "db_yuansheng..u_role"
[20180619 10:01:14-DEBUG][DatabaseIntrospector.java:563][main]-- Found column "type", data type 12, in table "db_yuansheng..u_role"
[20180619 10:01:14-DEBUG][DatabaseIntrospector.java:506][main]-- Retrieving column information for table "u_permission"
[20180619 10:01:14-DEBUG][DatabaseIntrospector.java:563][main]-- Found column "id", data type -5, in table "db_yuansheng..u_permission"
[20180619 10:01:14-DEBUG][DatabaseIntrospector.java:563][main]-- Found column "url", data type 12, in table "db_yuansheng..u_permission"
[20180619 10:01:14-DEBUG][DatabaseIntrospector.java:563][main]-- Found column "name", data type 12, in table "db_yuansheng..u_permission"
[20180619 10:01:14-DEBUG][DatabaseIntrospector.java:506][main]-- Retrieving column information for table "u_user_role"
[20180619 10:01:14-DEBUG][DatabaseIntrospector.java:563][main]-- Found column "uid", data type -5, in table "db_yuansheng..u_user_role"
[20180619 10:01:14-DEBUG][DatabaseIntrospector.java:563][main]-- Found column "rid", data type -5, in table "db_yuansheng..u_user_role"
[20180619 10:01:14-DEBUG][DatabaseIntrospector.java:506][main]-- Retrieving column information for table "u_role_permission"
[20180619 10:01:14-DEBUG][DatabaseIntrospector.java:563][main]-- Found column "rid", data type -5, in table "db_yuansheng..u_role_permission"
[20180619 10:01:14-DEBUG][DatabaseIntrospector.java:563][main]-- Found column "pid", data type -5, in table "db_yuansheng..u_role_permission"
[20180619 15:51:02-DEBUG][LogFactory.java:105][main]-- Logging initialized using 'org.mybatis.generator.logging.slf4j.Slf4jLoggingLogFactory@18ad742' adapter.
[20180619 15:51:02-DEBUG][DatabaseIntrospector.java:506][main]-- Retrieving column information for table "u_user_role"
[20180619 15:51:02-DEBUG][DatabaseIntrospector.java:563][main]-- Found column "uid", data type -5, in table "db_yuansheng..u_user_role"
[20180619 15:51:02-DEBUG][DatabaseIntrospector.java:563][main]-- Found column "rid", data type -5, in table "db_yuansheng..u_user_role"
[20180619 15:51:02-DEBUG][DatabaseIntrospector.java:506][main]-- Retrieving column information for table "u_role_permission"
[20180619 15:51:02-DEBUG][DatabaseIntrospector.java:563][main]-- Found column "rid", data type -5, in table "db_yuansheng..u_role_permission"
[20180619 15:51:02-DEBUG][DatabaseIntrospector.java:563][main]-- Found column "pid", data type -5, in table "db_yuansheng..u_role_permission"
[20180620 11:43:51-DEBUG][LogFactory.java:105][main]-- Logging initialized using 'org.mybatis.generator.logging.slf4j.Slf4jLoggingLogFactory@18ad742' adapter.
[20180620 11:43:51-DEBUG][DatabaseIntrospector.java:506][main]-- Retrieving column information for table "u_user"
[20180620 11:43:51-DEBUG][DatabaseIntrospector.java:563][main]-- Found column "id", data type -5, in table "db_yuansheng..u_user"
[20180620 11:43:51-DEBUG][DatabaseIntrospector.java:563][main]-- Found column "name", data type 12, in table "db_yuansheng..u_user"
[20180620 11:43:51-DEBUG][DatabaseIntrospector.java:563][main]-- Found column "phone", data type 12, in table "db_yuansheng..u_user"
[20180620 11:43:51-DEBUG][DatabaseIntrospector.java:563][main]-- Found column "email", data type 12, in table "db_yuansheng..u_user"
[20180620 11:43:51-DEBUG][DatabaseIntrospector.java:563][main]-- Found column "roleid", data type -5, in table "db_yuansheng..u_user"
[20180620 11:43:51-DEBUG][DatabaseIntrospector.java:563][main]-- Found column "password", data type 12, in table "db_yuansheng..u_user"
[20180620 11:43:51-DEBUG][DatabaseIntrospector.java:563][main]-- Found column "create_time", data type 93, in table "db_yuansheng..u_user"
[20180620 11:43:51-DEBUG][DatabaseIntrospector.java:563][main]-- Found column "last_login_time", data type 93, in table "db_yuansheng..u_user"
[20180620 11:43:51-DEBUG][DatabaseIntrospector.java:563][main]-- Found column "status", data type -5, in table "db_yuansheng..u_user"
[20180620 11:43:52-DEBUG][DatabaseIntrospector.java:506][main]-- Retrieving column information for table "u_role"
[20180620 11:43:52-DEBUG][DatabaseIntrospector.java:563][main]-- Found column "id", data type -5, in table "db_yuansheng..u_role"
[20180620 11:43:52-DEBUG][DatabaseIntrospector.java:563][main]-- Found column "name", data type 12, in table "db_yuansheng..u_role"
[20180620 11:43:52-DEBUG][DatabaseIntrospector.java:563][main]-- Found column "type", data type 12, in table "db_yuansheng..u_role"
[20180620 11:43:52-DEBUG][DatabaseIntrospector.java:506][main]-- Retrieving column information for table "u_permission"
[20180620 11:43:52-DEBUG][DatabaseIntrospector.java:563][main]-- Found column "id", data type -5, in table "db_yuansheng..u_permission"
[20180620 11:43:52-DEBUG][DatabaseIntrospector.java:563][main]-- Found column "url", data type 12, in table "db_yuansheng..u_permission"
[20180620 11:43:52-DEBUG][DatabaseIntrospector.java:563][main]-- Found column "name", data type 12, in table "db_yuansheng..u_permission"
[20180620 11:43:52-DEBUG][DatabaseIntrospector.java:506][main]-- Retrieving column information for table "u_role_permission"
[20180620 11:43:52-DEBUG][DatabaseIntrospector.java:563][main]-- Found column "rid", data type -5, in table "db_yuansheng..u_role_permission"
[20180620 11:43:52-DEBUG][DatabaseIntrospector.java:563][main]-- Found column "pid", data type -5, in table "db_yuansheng..u_role_permission"
[20180620 15:26:46-DEBUG][LogFactory.java:105][main]-- Logging initialized using 'org.mybatis.generator.logging.slf4j.Slf4jLoggingLogFactory@18ad742' adapter.
[20180620 15:26:46-DEBUG][DatabaseIntrospector.java:506][main]-- Retrieving column information for table "u_user"
[20180620 15:26:46-DEBUG][DatabaseIntrospector.java:563][main]-- Found column "id", data type -5, in table "db_yuansheng..u_user"
[20180620 15:26:46-DEBUG][DatabaseIntrospector.java:563][main]-- Found column "name", data type 12, in table "db_yuansheng..u_user"
[20180620 15:26:46-DEBUG][DatabaseIntrospector.java:563][main]-- Found column "phone", data type 12, in table "db_yuansheng..u_user"
[20180620 15:26:46-DEBUG][DatabaseIntrospector.java:563][main]-- Found column "email", data type 12, in table "db_yuansheng..u_user"
[20180620 15:26:46-DEBUG][DatabaseIntrospector.java:563][main]-- Found column "role", data type 12, in table "db_yuansheng..u_user"
[20180620 15:26:46-DEBUG][DatabaseIntrospector.java:563][main]-- Found column "password", data type 12, in table "db_yuansheng..u_user"
[20180620 15:26:46-DEBUG][DatabaseIntrospector.java:563][main]-- Found column "create_time", data type 93, in table "db_yuansheng..u_user"
[20180620 15:26:46-DEBUG][DatabaseIntrospector.java:563][main]-- Found column "last_login_time", data type 93, in table "db_yuansheng..u_user"
[20180620 15:26:46-DEBUG][DatabaseIntrospector.java:563][main]-- Found column "status", data type -5, in table "db_yuansheng..u_user"
